<?xml version="1.0" encoding="UTF-8"?>
<!-- Generated by org.testng.reporters.JUnitReportReporter -->
<testsuite hostname="DESKTOP-RVJV18D" failures="0" tests="32" name="com.project.testcases.BrandCallLog_Test" time="36.285" errors="0" timestamp="2023-12-30T00:00:08 IST" skipped="0">
  <testcase classname="com.project.testcases.BrandCallLog_Test" name="clickBCL" time="1.494"/>
  <system-out/>
  <testcase classname="com.project.testcases.BrandCallLog_Test" name="bclSelectTag" time="2.050"/>
  <system-out/>
  <testcase classname="com.project.testcases.BrandCallLog_Test" name="bclUpdateIntiation" time="0.261"/>
  <system-out/>
  <testcase classname="com.project.testcases.BrandCallLog_Test" name="bclEmailDate" time="3.299"/>
  <system-out/>
  <testcase classname="com.project.testcases.BrandCallLog_Test" name="bclInitiationLocation" time="1.134"/>
  <system-out/>
  <testcase classname="com.project.testcases.BrandCallLog_Test" name="bclLocationInhouse" time="0.166"/>
  <system-out/>
  <testcase classname="com.project.testcases.BrandCallLog_Test" name="bclAddremarks" time="1.147"/>
  <system-out/>
  <testcase classname="com.project.testcases.BrandCallLog_Test" name="bclFirstConfirm" time="0.256"/>
  <system-out>
    <![CDATA[BCL Fisrt screen updated succussfully]]>
  </system-out>
  <testcase classname="com.project.testcases.BrandCallLog_Test" name="bclUpdateCallLog" time="0.477"/>
  <system-out/>
  <testcase classname="com.project.testcases.BrandCallLog_Test" name="bclSelectItem" time="1.944"/>
  <system-out/>
  <testcase classname="com.project.testcases.BrandCallLog_Test" name="bclUpdateCallLogTag" time="0.350"/>
  <system-out/>
  <testcase classname="com.project.testcases.BrandCallLog_Test" name="bclEnterCallLog" time="1.058"/>
  <system-out/>
  <testcase classname="com.project.testcases.BrandCallLog_Test" name="bclUpdateSecond" time="0.144"/>
  <system-out/>
  <testcase classname="com.project.testcases.BrandCallLog_Test" name="bclInspectionSelectTag" time="2.069"/>
  <system-out/>
  <testcase classname="com.project.testcases.BrandCallLog_Test" name="bclInspectionUpdate" time="0.650"/>
  <system-out/>
  <testcase classname="com.project.testcases.BrandCallLog_Test" name="bclEnterInvoice" time="0.988"/>
  <system-out/>
  <testcase classname="com.project.testcases.BrandCallLog_Test" name="bclInspectionThird" time="0.156"/>
  <system-out/>
  <testcase classname="com.project.testcases.BrandCallLog_Test" name="bclSelectTagBrand" time="1.128"/>
  <system-out/>
  <testcase classname="com.project.testcases.BrandCallLog_Test" name="bclInspectionBrandInspection" time="0.655"/>
  <system-out/>
  <testcase classname="com.project.testcases.BrandCallLog_Test" name="bclBrandInspectionDate" time="2.966"/>
  <system-out/>
  <testcase classname="com.project.testcases.BrandCallLog_Test" name="bclBrandInspectionLocation" time="0.610"/>
  <system-out/>
  <testcase classname="com.project.testcases.BrandCallLog_Test" name="bclBrandLocationInhouse" time="0.146"/>
  <system-out/>
  <testcase classname="com.project.testcases.BrandCallLog_Test" name="bclBrandInspectionRemarks" time="0.946"/>
  <system-out/>
  <testcase classname="com.project.testcases.BrandCallLog_Test" name="bclBrandInspectionAttachDoc" time="3.273"/>
  <system-out/>
  <testcase classname="com.project.testcases.BrandCallLog_Test" name="bclBrandInspectionConfirm" time="1.116"/>
  <system-out/>
  <testcase classname="com.project.testcases.BrandCallLog_Test" name="bclResolutionSelectItem" time="2.792"/>
  <system-out/>
  <testcase classname="com.project.testcases.BrandCallLog_Test" name="bclBrandResolution" time="0.148"/>
  <system-out/>
  <testcase classname="com.project.testcases.BrandCallLog_Test" name="bclBrandInspectionSetDisposition" time="0.180"/>
  <system-out/>
  <testcase classname="com.project.testcases.BrandCallLog_Test" name="bclBrandSetDispoInsurance" time="0.629"/>
  <system-out/>
  <testcase classname="com.project.testcases.BrandCallLog_Test" name="bclBrandResolutionRemarks" time="0.981"/>
  <system-out/>
  <testcase classname="com.project.testcases.BrandCallLog_Test" name="bclBrandResolutionAttachDoc" time="2.844"/>
  <system-out/>
  <testcase classname="com.project.testcases.BrandCallLog_Test" name="bclBrandResolutionConfirm" time="0.228"/>
  <system-out/>
</testsuite> <!-- com.project.testcases.BrandCallLog_Test -->
