<?xml version="1.0" encoding="UTF-8"?>
<!-- Generated by org.testng.reporters.JUnitReportReporter -->
<testsuite hostname="LAPTOP-JE4FKOLB" failures="0" tests="1" name="com.project.testcases.WarehouseManagement_Test" time="0.000" errors="0" timestamp="2023-12-30T00:32:13 IST" skipped="1">
  <testcase classname="com.project.testcases.WarehouseManagement_Test" name="clickOnDispositionlinkTest" time="0.000">
    <skipped/>
  </testcase> <!-- clickOnDispositionlinkTest -->
</testsuite> <!-- com.project.testcases.WarehouseManagement_Test -->
