<?xml version="1.0" encoding="UTF-8"?>
<!-- Generated by org.testng.reporters.JUnitReportReporter -->
<testsuite hostname="LAPTOP-JE4FKOLB" failures="0" tests="29" name="com.project.testcases.Insurance_Test" time="0.001" errors="0" timestamp="2023-12-30T00:32:13 IST" skipped="29">
  <testcase classname="com.project.testcases.Insurance_Test" name="Insurance" time="0.000">
    <skipped/>
  </testcase> <!-- Insurance -->
  <testcase classname="com.project.testcases.Insurance_Test" name="insuSelectItem" time="0.000">
    <skipped/>
  </testcase> <!-- insuSelectItem -->
  <testcase classname="com.project.testcases.Insurance_Test" name="insuClaimSubmitionDate" time="0.000">
    <skipped/>
  </testcase> <!-- insuClaimSubmitionDate -->
  <testcase classname="com.project.testcases.Insurance_Test" name="insuClaimAmount" time="0.000">
    <skipped/>
  </testcase> <!-- insuClaimAmount -->
  <testcase classname="com.project.testcases.Insurance_Test" name="insuAddRemarks" time="0.000">
    <skipped/>
  </testcase> <!-- insuAddRemarks -->
  <testcase classname="com.project.testcases.Insurance_Test" name="insuAttachDoc" time="0.000">
    <skipped/>
  </testcase> <!-- insuAttachDoc -->
  <testcase classname="com.project.testcases.Insurance_Test" name="insuConfirmFirst" time="0.000">
    <skipped/>
  </testcase> <!-- insuConfirmFirst -->
  <testcase classname="com.project.testcases.Insurance_Test" name="insuUpdateCallSelectItem" time="0.000">
    <skipped/>
  </testcase> <!-- insuUpdateCallSelectItem -->
  <testcase classname="com.project.testcases.Insurance_Test" name="insuUpdateClaimCallLog" time="0.000">
    <skipped/>
  </testcase> <!-- insuUpdateClaimCallLog -->
  <testcase classname="com.project.testcases.Insurance_Test" name="insuEnterCallLog" time="0.000">
    <skipped/>
  </testcase> <!-- insuEnterCallLog -->
  <testcase classname="com.project.testcases.Insurance_Test" name="insuConfirmSecond" time="0.001">
    <skipped/>
  </testcase> <!-- insuConfirmSecond -->
  <testcase classname="com.project.testcases.Insurance_Test" name="insuSurveyorSelectItem" time="0.000">
    <skipped/>
  </testcase> <!-- insuSurveyorSelectItem -->
  <testcase classname="com.project.testcases.Insurance_Test" name="insuSurveyorUpdateInfo" time="0.000">
    <skipped/>
  </testcase> <!-- insuSurveyorUpdateInfo -->
  <testcase classname="com.project.testcases.Insurance_Test" name="insuSurveyorClaimInspectionDate" time="0.000">
    <skipped/>
  </testcase> <!-- insuSurveyorClaimInspectionDate -->
  <testcase classname="com.project.testcases.Insurance_Test" name="InsuSurveyorAddRemarks" time="0.000">
    <skipped/>
  </testcase> <!-- InsuSurveyorAddRemarks -->
  <testcase classname="com.project.testcases.Insurance_Test" name="insuAttachDocInspection" time="0.000">
    <skipped/>
  </testcase> <!-- insuAttachDocInspection -->
  <testcase classname="com.project.testcases.Insurance_Test" name="insuConfirmThird" time="0.000">
    <skipped/>
  </testcase> <!-- insuConfirmThird -->
  <testcase classname="com.project.testcases.Insurance_Test" name="insuClaimResolutionApprove" time="0.000">
    <skipped/>
  </testcase> <!-- insuClaimResolutionApprove -->
  <testcase classname="com.project.testcases.Insurance_Test" name="insuClaimResolutionApprovelDate" time="0.000">
    <skipped/>
  </testcase> <!-- insuClaimResolutionApprovelDate -->
  <testcase classname="com.project.testcases.Insurance_Test" name="insuClaimResolutionApprovedAmount" time="0.000">
    <skipped/>
  </testcase> <!-- insuClaimResolutionApprovedAmount -->
  <testcase classname="com.project.testcases.Insurance_Test" name="insuClaimResolutionAddRemarks" time="0.000">
    <skipped/>
  </testcase> <!-- insuClaimResolutionAddRemarks -->
  <testcase classname="com.project.testcases.Insurance_Test" name="insuAttachDocClaimresolution" time="0.000">
    <skipped/>
  </testcase> <!-- insuAttachDocClaimresolution -->
  <testcase classname="com.project.testcases.Insurance_Test" name="insuConfirmFourth" time="0.000">
    <skipped/>
  </testcase> <!-- insuConfirmFourth -->
  <testcase classname="com.project.testcases.Insurance_Test" name="insuPendingLiquidationSelectItem" time="0.000">
    <skipped/>
  </testcase> <!-- insuPendingLiquidationSelectItem -->
  <testcase classname="com.project.testcases.Insurance_Test" name="insuPendingLiquidSetDisposition" time="0.000">
    <skipped/>
  </testcase> <!-- insuPendingLiquidSetDisposition -->
  <testcase classname="com.project.testcases.Insurance_Test" name="insuSetDispositionLiquidation" time="0.000">
    <skipped/>
  </testcase> <!-- insuSetDispositionLiquidation -->
  <testcase classname="com.project.testcases.Insurance_Test" name="insuPendingLiquidationAddRemarks" time="0.000">
    <skipped/>
  </testcase> <!-- insuPendingLiquidationAddRemarks -->
  <testcase classname="com.project.testcases.Insurance_Test" name="insuAttachDocPendingLiqui" time="0.000">
    <skipped/>
  </testcase> <!-- insuAttachDocPendingLiqui -->
  <testcase classname="com.project.testcases.Insurance_Test" name="insuConfirm5th" time="0.000">
    <skipped/>
  </testcase> <!-- insuConfirm5th -->
</testsuite> <!-- com.project.testcases.Insurance_Test -->
