<?xml version="1.0" encoding="UTF-8"?>
<!-- Generated by org.testng.reporters.JUnitReportReporter -->
<testsuite hostname="DESKTOP-RVJV18D" failures="0" tests="1" name="com.project.testcases.BWarehouse_Test" time="0.000" errors="0" timestamp="2023-12-13T21:00:23 IST" skipped="1">
  <testcase classname="com.project.testcases.BWarehouse_Test" name="clickOnDispositionlinkTest" time="0.000">
    <skipped/>
  </testcase> <!-- clickOnDispositionlinkTest -->
  <system-out/>
</testsuite> <!-- com.project.testcases.BWarehouse_Test -->
