<?xml version="1.0" encoding="UTF-8"?>
<!-- Generated by org.testng.reporters.JUnitReportReporter -->
<testsuite hostname="LAPTOP-JE4FKOLB" failures="0" tests="2" name="com.project.testcases.Logout_InTest" time="0.000" errors="0" timestamp="2023-12-30T00:32:13 IST" skipped="2">
  <testcase classname="com.project.testcases.Logout_InTest" name="logout" time="0.000">
    <skipped/>
  </testcase> <!-- logout -->
  <testcase classname="com.project.testcases.Logout_InTest" name="Logout_Test" time="0.000">
    <skipped/>
  </testcase> <!-- Logout_Test -->
</testsuite> <!-- com.project.testcases.Logout_InTest -->
