<?xml version="1.0" encoding="UTF-8"?>
<!-- Generated by org.testng.reporters.JUnitReportReporter -->
<testsuite hostname="DESKTOP-RVJV18D" failures="0" tests="13" name="com.project.testcases.Redeploy_Test" time="16.693" errors="0" timestamp="2023-12-29T23:54:23 IST" skipped="0">
  <testcase classname="com.project.testcases.Redeploy_Test" name="redeploy" time="1.393"/>
  <system-out/>
  <testcase classname="com.project.testcases.Redeploy_Test" name="redeploySelectItem" time="2.683"/>
  <system-out/>
  <testcase classname="com.project.testcases.Redeploy_Test" name="redeploySetDisposition" time="0.173"/>
  <system-out/>
  <testcase classname="com.project.testcases.Redeploy_Test" name="redeployDispoToInsurance" time="0.694"/>
  <system-out/>
  <testcase classname="com.project.testcases.Redeploy_Test" name="redeployAddRemarks" time="0.790"/>
  <system-out/>
  <testcase classname="com.project.testcases.Redeploy_Test" name="redployAttachDoc" time="2.865"/>
  <system-out/>
  <testcase classname="com.project.testcases.Redeploy_Test" name="redeployConfirm" time="0.810"/>
  <system-out/>
  <testcase classname="com.project.testcases.Redeploy_Test" name="redeploySelectItemForDispatch" time="1.417"/>
  <system-out/>
  <testcase classname="com.project.testcases.Redeploy_Test" name="redeployMoveToDispatch" time="0.762"/>
  <system-out/>
  <testcase classname="com.project.testcases.Redeploy_Test" name="redeployVendorcode" time="2.381"/>
  <system-out/>
  <testcase classname="com.project.testcases.Redeploy_Test" name="redeployLotName" time="1.174"/>
  <system-out/>
  <testcase classname="com.project.testcases.Redeploy_Test" name="redeployConfirmDispatch" time="0.167"/>
  <system-out/>
  <testcase classname="com.project.testcases.Redeploy_Test" name="redeployDispatchOkbutton" time="1.384"/>
  <system-out/>
</testsuite> <!-- com.project.testcases.Redeploy_Test -->
