<?xml version="1.0" encoding="UTF-8"?>
<!-- Generated by org.testng.reporters.JUnitReportReporter -->
<testsuite hostname="DESKTOP-RVJV18D" failures="0" tests="6" name="com.project.testcases.PendingDisposition_Test" time="4.821" errors="0" timestamp="2023-12-29T23:56:26 IST" skipped="0">
  <testcase classname="com.project.testcases.PendingDisposition_Test" name="pendingDisposition" time="1.440"/>
  <system-out/>
  <testcase classname="com.project.testcases.PendingDisposition_Test" name="pendingDispoSelectItem" time="0.883"/>
  <system-out/>
  <testcase classname="com.project.testcases.PendingDisposition_Test" name="pendingDispoSetDisposition" time="0.138"/>
  <system-out/>
  <testcase classname="com.project.testcases.PendingDisposition_Test" name="pendingDispoToInsurance" time="0.704"/>
  <system-out/>
  <testcase classname="com.project.testcases.PendingDisposition_Test" name="pendingDispoAddRemarks" time="0.983"/>
  <system-out/>
  <testcase classname="com.project.testcases.PendingDisposition_Test" name="pendingDispoConfirm" time="0.673"/>
  <system-out/>
</testsuite> <!-- com.project.testcases.PendingDisposition_Test -->
