<?xml version="1.0" encoding="UTF-8"?>
<!-- Generated by org.testng.reporters.JUnitReportReporter -->
<testsuite hostname="DESKTOP-RVJV18D" failures="0" tests="15" name="com.project.testcases.Replacement_Test" time="25.297" errors="0" timestamp="2023-12-29T23:59:23 IST" skipped="0">
  <testcase classname="com.project.testcases.Replacement_Test" name="replacement" time="1.439"/>
  <system-out/>
  <testcase classname="com.project.testcases.Replacement_Test" name="replaceClickArrow" time="3.556"/>
  <system-out/>
  <testcase classname="com.project.testcases.Replacement_Test" name="replaceDate" time="3.918"/>
  <system-out/>
  <testcase classname="com.project.testcases.Replacement_Test" name="replaceCreateItemID" time="0.647"/>
  <system-out/>
  <testcase classname="com.project.testcases.Replacement_Test" name="replaceCloseButton" time="0.138"/>
  <system-out/>
  <testcase classname="com.project.testcases.Replacement_Test" name="replaceSerial" time="0.805"/>
  <system-out/>
  <testcase classname="com.project.testcases.Replacement_Test" name="replaceAddRemarks" time="1.309"/>
  <system-out/>
  <testcase classname="com.project.testcases.Replacement_Test" name="replaceAttachDoc" time="3.003"/>
  <system-out/>
  <testcase classname="com.project.testcases.Replacement_Test" name="replaceSubmitFirst" time="0.763"/>
  <system-out/>
  <testcase classname="com.project.testcases.Replacement_Test" name="replaceRedeploySelectItem" time="4.867"/>
  <system-out/>
  <testcase classname="com.project.testcases.Replacement_Test" name="replaceRedeploySetDisposition" time="0.201"/>
  <system-out/>
  <testcase classname="com.project.testcases.Replacement_Test" name="replaceRedeploySetDispositionBcl" time="0.708"/>
  <system-out/>
  <testcase classname="com.project.testcases.Replacement_Test" name="replaceRedeployAddRemarks" time="0.988"/>
  <system-out/>
  <testcase classname="com.project.testcases.Replacement_Test" name="replaceRedeployAttachDoc" time="2.659"/>
  <system-out/>
  <testcase classname="com.project.testcases.Replacement_Test" name="replaceRedeployConfirm" time="0.296"/>
  <system-out/>
</testsuite> <!-- com.project.testcases.Replacement_Test -->
