<?xml version="1.0" encoding="UTF-8"?>
<!-- Generated by org.testng.reporters.JUnitReportReporter -->
<testsuite hostname="DESKTOP-RVJV18D" failures="0" tests="1" name="com.project.testcases.signIn_QATest" time="3.403" errors="0" timestamp="2023-12-13T21:22:17 IST" skipped="0">
  <testcase classname="com.project.testcases.signIn_QATest" name="loginTest" time="3.403"/>
  <system-out>
    <![CDATA[Logined succussfully]]>
  </system-out>
</testsuite> <!-- com.project.testcases.signIn_QATest -->
