<?xml version="1.0" encoding="UTF-8"?>
<!-- Generated by org.testng.reporters.JUnitReportReporter -->
<testsuite hostname="DESKTOP-RVJV18D" failures="0" tests="1" name="com.project.testcases.Disposition_Test" time="1.170" errors="0" timestamp="2023-12-24T00:23:31 IST" skipped="0">
  <testcase classname="com.project.testcases.Disposition_Test" name="Disposition" time="1.170"/>
  <system-out/>
</testsuite> <!-- com.project.testcases.Disposition_Test -->
