<?xml version="1.0" encoding="UTF-8"?>
<!-- Generated by org.testng.reporters.JUnitReportReporter -->
<testsuite hostname="DESKTOP-RVJV18D" failures="0" tests="13" name="com.project.testcases.RTV_Test" time="17.895" errors="0" timestamp="2023-12-29T23:57:25 IST" skipped="0">
  <testcase classname="com.project.testcases.RTV_Test" name="RTV" time="1.451"/>
  <system-out/>
  <testcase classname="com.project.testcases.RTV_Test" name="rtvSelectItem" time="2.013"/>
  <system-out/>
  <testcase classname="com.project.testcases.RTV_Test" name="RTVSetDisposition" time="0.141"/>
  <system-out/>
  <testcase classname="com.project.testcases.RTV_Test" name="RTVDispoToInsurance" time="0.702"/>
  <system-out/>
  <testcase classname="com.project.testcases.RTV_Test" name="RTVAddRemarks" time="1.050"/>
  <system-out/>
  <testcase classname="com.project.testcases.RTV_Test" name="RTVAttachDoc" time="2.853"/>
  <system-out/>
  <testcase classname="com.project.testcases.RTV_Test" name="RTVConfirm" time="0.880"/>
  <system-out/>
  <testcase classname="com.project.testcases.RTV_Test" name="rtvSelectItemForDispatch" time="2.874"/>
  <system-out/>
  <testcase classname="com.project.testcases.RTV_Test" name="RTVMoveToDispatch" time="0.765"/>
  <system-out/>
  <testcase classname="com.project.testcases.RTV_Test" name="RTVVendorcode" time="1.812"/>
  <system-out/>
  <testcase classname="com.project.testcases.RTV_Test" name="RTVLotName" time="1.071"/>
  <system-out/>
  <testcase classname="com.project.testcases.RTV_Test" name="RTVConfirmDispatch" time="0.220"/>
  <system-out/>
  <testcase classname="com.project.testcases.RTV_Test" name="RTVDispatchOkbutton" time="2.063"/>
  <system-out/>
</testsuite> <!-- com.project.testcases.RTV_Test -->
