<?xml version="1.0" encoding="UTF-8"?>
<!-- Generated by org.testng.reporters.JUnitReportReporter -->
<testsuite hostname="DESKTOP-RVJV18D" failures="0" tests="10" name="com.project.testcases.warehouseRTV_Test" time="0.000" errors="0" timestamp="2023-12-13T21:00:23 IST" skipped="10">
  <testcase classname="com.project.testcases.warehouseRTV_Test" name="clickOnRTV" time="0.000">
    <skipped/>
  </testcase> <!-- clickOnRTV -->
  <system-out/>
  <testcase classname="com.project.testcases.warehouseRTV_Test" name="clickOnselect" time="0.000">
    <skipped/>
  </testcase> <!-- clickOnselect -->
  <system-out/>
  <testcase classname="com.project.testcases.warehouseRTV_Test" name="clickOnupdate" time="0.000">
    <skipped/>
  </testcase> <!-- clickOnupdate -->
  <system-out/>
  <testcase classname="com.project.testcases.warehouseRTV_Test" name="clickOnreturndate" time="0.000">
    <skipped/>
  </testcase> <!-- clickOnreturndate -->
  <system-out/>
  <testcase classname="com.project.testcases.warehouseRTV_Test" name="clickreturnmethod" time="0.000">
    <skipped/>
  </testcase> <!-- clickreturnmethod -->
  <system-out/>
  <testcase classname="com.project.testcases.warehouseRTV_Test" name="clickOndispatch" time="0.000">
    <skipped/>
  </testcase> <!-- clickOndispatch -->
  <system-out/>
  <testcase classname="com.project.testcases.warehouseRTV_Test" name="clickdocumenttype" time="0.000">
    <skipped/>
  </testcase> <!-- clickdocumenttype -->
  <system-out/>
  <testcase classname="com.project.testcases.warehouseRTV_Test" name="clickInvoice" time="0.000">
    <skipped/>
  </testcase> <!-- clickInvoice -->
  <system-out/>
  <testcase classname="com.project.testcases.warehouseRTV_Test" name="clicksubmit" time="0.000">
    <skipped/>
  </testcase> <!-- clicksubmit -->
  <system-out/>
  <testcase classname="com.project.testcases.warehouseRTV_Test" name="clickSubmitOK" time="0.000">
    <skipped/>
  </testcase> <!-- clickSubmitOK -->
  <system-out/>
</testsuite> <!-- com.project.testcases.warehouseRTV_Test -->
